<?xml version="1.0" encoding="UTF-8"?>
<testng-results ignored="0" total="1" passed="0" failed="1" skipped="0">
  <reporter-output>
  </reporter-output>
  <suite started-at="2025-06-24T20:41:14 IST" name="Scenario 1" finished-at="2025-06-24T20:43:18 IST" duration-ms="123945">
    <groups>
    </groups>
    <test started-at="2025-06-24T20:41:14 IST" name="Test Case 1 plus Test Case 2" finished-at="2025-06-24T20:43:18 IST" duration-ms="123945">
      <class name="Admin_Portal.AdminPortalTest1">
        <test-method is-config="true" signature="beforeSuite(java.lang.String)[pri:0, instance:Admin_Portal.AdminPortalTest1@194fad1]" started-at="2025-06-24T20:41:12 IST" name="beforeSuite" finished-at="2025-06-24T20:41:14 IST" duration-ms="2080" status="PASS">
          <params>
            <param index="0">
              <value>
                <![CDATA[chrome]]>
              </value>
            </param>
          </params>
          <reporter-output>
          </reporter-output>
        </test-method> <!-- beforeSuite -->
        <test-method signature="Scenario1()[pri:0, instance:Admin_Portal.AdminPortalTest1@194fad1]" started-at="2025-06-24T20:41:14 IST" name="Scenario1" finished-at="2025-06-24T20:43:18 IST" duration-ms="123932" status="FAIL">
          <exception class="java.lang.AssertionError">
            <message>
              <![CDATA[Error in Scenario1 : Error in loginasAdmin : Expected condition failed: waiting for visibility of Proxy element for: DefaultElementLocator 'By.id: id_username' (tried for 60 second(s) with 500 milliseconds interval)]]>
            </message>
            <full-stacktrace>
              <![CDATA[java.lang.AssertionError: Error in Scenario1 : Error in loginasAdmin : Expected condition failed: waiting for visibility of Proxy element for: DefaultElementLocator 'By.id: id_username' (tried for 60 second(s) with 500 milliseconds interval)
at org.testng.Assert.fail(Assert.java:111)
at Admin_Portal.AdminPortalTest1.Scenario1(AdminPortalTest1.java:29)
at java.base/jdk.internal.reflect.DirectMethodHandleAccessor.invoke(DirectMethodHandleAccessor.java:103)
at java.base/java.lang.reflect.Method.invoke(Method.java:580)
at org.testng.internal.invokers.MethodInvocationHelper.invokeMethod(MethodInvocationHelper.java:139)
at org.testng.internal.invokers.TestInvoker.invokeMethod(TestInvoker.java:664)
at org.testng.internal.invokers.TestInvoker.invokeTestMethod(TestInvoker.java:227)
at org.testng.internal.invokers.MethodRunner.runInSequence(MethodRunner.java:50)
at org.testng.internal.invokers.TestInvoker$MethodInvocationAgent.invoke(TestInvoker.java:957)
at org.testng.internal.invokers.TestInvoker.invokeTestMethods(TestInvoker.java:200)
at org.testng.internal.invokers.TestMethodWorker.invokeTestMethods(TestMethodWorker.java:148)
at org.testng.internal.invokers.TestMethodWorker.run(TestMethodWorker.java:128)
at java.base/java.util.ArrayList.forEach(ArrayList.java:1597)
at org.testng.TestRunner.privateRun(TestRunner.java:848)
at org.testng.TestRunner.run(TestRunner.java:621)
at org.testng.SuiteRunner.runTest(SuiteRunner.java:443)
at org.testng.SuiteRunner.runSequentially(SuiteRunner.java:437)
at org.testng.SuiteRunner.privateRun(SuiteRunner.java:397)
at org.testng.SuiteRunner.run(SuiteRunner.java:336)
at org.testng.SuiteRunnerWorker.runSuite(SuiteRunnerWorker.java:52)
at org.testng.SuiteRunnerWorker.run(SuiteRunnerWorker.java:95)
at org.testng.TestNG.runSuitesSequentially(TestNG.java:1280)
at org.testng.TestNG.runSuitesLocally(TestNG.java:1200)
at org.testng.TestNG.runSuites(TestNG.java:1114)
at org.testng.TestNG.run(TestNG.java:1082)
at org.apache.maven.surefire.testng.TestNGExecutor.run(TestNGExecutor.java:308)
at org.apache.maven.surefire.testng.TestNGXmlTestSuite.execute(TestNGXmlTestSuite.java:71)
at org.apache.maven.surefire.testng.TestNGProvider.invoke(TestNGProvider.java:113)
at org.apache.maven.surefire.booter.ForkedBooter.runSuitesInProcess(ForkedBooter.java:385)
at org.apache.maven.surefire.booter.ForkedBooter.execute(ForkedBooter.java:162)
at org.apache.maven.surefire.booter.ForkedBooter.run(ForkedBooter.java:507)
at org.apache.maven.surefire.booter.ForkedBooter.main(ForkedBooter.java:495)
]]>
            </full-stacktrace>
          </exception> <!-- java.lang.AssertionError -->
          <reporter-output>
          </reporter-output>
        </test-method> <!-- Scenario1 -->
        <test-method is-config="true" signature="afterSuite()[pri:0, instance:Admin_Portal.AdminPortalTest1@194fad1]" started-at="2025-06-24T20:43:18 IST" name="afterSuite" finished-at="2025-06-24T20:43:18 IST" duration-ms="164" status="PASS">
          <reporter-output>
          </reporter-output>
        </test-method> <!-- afterSuite -->
      </class> <!-- Admin_Portal.AdminPortalTest1 -->
    </test> <!-- Test Case 1 plus Test Case 2 -->
  </suite> <!-- Scenario 1 -->
</testng-results>
